<?xml version="1.0" encoding="UTF-8"?>
<testng-results ignored="0" total="4" passed="4" failed="0" skipped="0">
  <reporter-output>
  </reporter-output>
  <suite started-at="2024-08-22T23:44:59 EDT" name="Default suite" finished-at="2024-08-22T23:45:00 EDT" duration-ms="1046">
    <groups>
    </groups>
    <test started-at="2024-08-22T23:44:59 EDT" name="Default test" finished-at="2024-08-22T23:45:00 EDT" duration-ms="1046">
      <class name="dataproviderwithexcel.dataproviderdata">
        <test-method signature="datamethod(java.lang.String,java.lang.String,java.lang.String,java.lang.String,java.lang.String,java.lang.String)[pri:0, instance:dataproviderwithexcel.dataproviderdata@55a147cc]" started-at="2024-08-22T23:45:00 EDT" name="datamethod" data-provider="dataprovidermthd" finished-at="2024-08-22T23:45:00 EDT" duration-ms="8" status="PASS">
          <params>
            <param index="0">
              <value>
                <![CDATA[1]]>
              </value>
            </param>
            <param index="1">
              <value>
                <![CDATA[testcase1]]>
              </value>
            </param>
            <param index="2">
              <value>
                <![CDATA[verifying iA present]]>
              </value>
            </param>
            <param index="3">
              <value>
                <![CDATA[12345]]>
              </value>
            </param>
            <param index="4">
              <value>
                <![CDATA[Yes]]>
              </value>
            </param>
            <param index="5">
              <value>
                <![CDATA[No]]>
              </value>
            </param>
          </params>
          <reporter-output>
          </reporter-output>
        </test-method> <!-- datamethod -->
        <test-method signature="datamethod(java.lang.String,java.lang.String,java.lang.String,java.lang.String,java.lang.String,java.lang.String)[pri:0, instance:dataproviderwithexcel.dataproviderdata@55a147cc]" started-at="2024-08-22T23:45:00 EDT" name="datamethod" data-provider="dataprovidermthd" finished-at="2024-08-22T23:45:00 EDT" duration-ms="2" status="PASS">
          <params>
            <param index="0">
              <value>
                <![CDATA[2]]>
              </value>
            </param>
            <param index="1">
              <value>
                <![CDATA[testcase2]]>
              </value>
            </param>
            <param index="2">
              <value>
                <![CDATA[verifying receipt present]]>
              </value>
            </param>
            <param index="3">
              <value>
                <![CDATA[12346]]>
              </value>
            </param>
            <param index="4">
              <value>
                <![CDATA[No]]>
              </value>
            </param>
            <param index="5">
              <value>
                <![CDATA[Yes]]>
              </value>
            </param>
          </params>
          <reporter-output>
          </reporter-output>
        </test-method> <!-- datamethod -->
        <test-method signature="datamethod(java.lang.String,java.lang.String,java.lang.String,java.lang.String,java.lang.String,java.lang.String)[pri:0, instance:dataproviderwithexcel.dataproviderdata@55a147cc]" started-at="2024-08-22T23:45:00 EDT" name="datamethod" data-provider="dataprovidermthd" finished-at="2024-08-22T23:45:00 EDT" duration-ms="3" status="PASS">
          <params>
            <param index="0">
              <value>
                <![CDATA[3]]>
              </value>
            </param>
            <param index="1">
              <value>
                <![CDATA[testcase3]]>
              </value>
            </param>
            <param index="2">
              <value>
                <![CDATA[verifying iA and receipt present]]>
              </value>
            </param>
            <param index="3">
              <value>
                <![CDATA[12347]]>
              </value>
            </param>
            <param index="4">
              <value>
                <![CDATA[Yes]]>
              </value>
            </param>
            <param index="5">
              <value>
                <![CDATA[Yes]]>
              </value>
            </param>
          </params>
          <reporter-output>
          </reporter-output>
        </test-method> <!-- datamethod -->
        <test-method signature="datamethod(java.lang.String,java.lang.String,java.lang.String,java.lang.String,java.lang.String,java.lang.String)[pri:0, instance:dataproviderwithexcel.dataproviderdata@55a147cc]" started-at="2024-08-22T23:45:00 EDT" name="datamethod" data-provider="dataprovidermthd" finished-at="2024-08-22T23:45:00 EDT" duration-ms="2" status="PASS">
          <params>
            <param index="0">
              <value>
                <![CDATA[4]]>
              </value>
            </param>
            <param index="1">
              <value>
                <![CDATA[testcase4]]>
              </value>
            </param>
            <param index="2">
              <value>
                <![CDATA[verifying iA and receipt not present]]>
              </value>
            </param>
            <param index="3">
              <value>
                <![CDATA[12348]]>
              </value>
            </param>
            <param index="4">
              <value>
                <![CDATA[No]]>
              </value>
            </param>
            <param index="5">
              <value>
                <![CDATA[No]]>
              </value>
            </param>
          </params>
          <reporter-output>
          </reporter-output>
        </test-method> <!-- datamethod -->
      </class> <!-- dataproviderwithexcel.dataproviderdata -->
    </test> <!-- Default test -->
  </suite> <!-- Default suite -->
</testng-results>
