<?xml version="1.0" encoding="UTF-8"?>
<!-- Generated by org.testng.reporters.JUnitReportReporter -->
<testsuite hostname="LAPTOP-AG38NRUD" failures="0" tests="4" name="dataproviderwithexcel.dataproviderdata" time="0.015" errors="0" timestamp="2024-08-22T23:45:00 EDT" skipped="0">
  <testcase classname="dataproviderwithexcel.dataproviderdata" name="datamethod" time="0.002"/>
  <testcase classname="dataproviderwithexcel.dataproviderdata" name="datamethod" time="0.003"/>
  <testcase classname="dataproviderwithexcel.dataproviderdata" name="datamethod" time="0.002"/>
  <testcase classname="dataproviderwithexcel.dataproviderdata" name="datamethod" time="0.008"/>
</testsuite> <!-- dataproviderwithexcel.dataproviderdata -->
